2023-03-22 14:42:11.259 [main] INFO  calculator.Calculator-[SQROOT]-3.0
2023-03-22 14:42:11.332 [main] INFO  calculator.Calculator-[RESULT-SQROOT]-1.7320508075688772
2023-03-22 14:42:11.333 [main] INFO  calculator.Calculator-[SQROOT]-4.0
2023-03-22 14:42:11.333 [main] INFO  calculator.Calculator-[RESULT-SQROOT]-2.0
2023-03-22 14:42:11.335 [main] INFO  calculator.Calculator-[NATURALLOG]-1.0
2023-03-22 14:42:11.336 [main] INFO  calculator.Calculator-[RESULT-NATURALLOG]-0.0
2023-03-22 14:42:11.337 [main] INFO  calculator.Calculator-[NATURALLOG]-300.0
2023-03-22 14:42:11.337 [main] INFO  calculator.Calculator-[RESULT-NATURALLOG]-5.703782474656201
2023-03-22 14:42:11.339 [main] INFO  calculator.Calculator-[NATURALLOG]-2.4
2023-03-22 14:42:11.340 [main] INFO  calculator.Calculator-[RESULT-NATURALLOG]-0.8754687373538999
2023-03-22 14:42:11.341 [main] INFO  calculator.Calculator-[NATURALLOG]-2.1
2023-03-22 14:42:11.341 [main] INFO  calculator.Calculator-[RESULT-NATURALLOG]-0.7419373447293773
2023-03-22 14:42:11.343 [main] INFO  calculator.Calculator-[FACTORIAL]-3
2023-03-22 14:42:11.343 [main] INFO  calculator.Calculator-[RESULT-FACTORIAL]-6
2023-03-22 14:42:11.344 [main] INFO  calculator.Calculator-[FACTORIAL]-6
2023-03-22 14:42:11.344 [main] INFO  calculator.Calculator-[RESULT-FACTORIAL]-720
2023-03-22 14:42:11.345 [main] INFO  calculator.Calculator-[FACTORIAL]-5
2023-03-22 14:42:11.346 [main] INFO  calculator.Calculator-[RESULT-FACTORIAL]-120
2023-03-22 14:42:11.346 [main] INFO  calculator.Calculator-[FACTORIAL]-10
2023-03-22 14:42:11.347 [main] INFO  calculator.Calculator-[RESULT-FACTORIAL]-3628800
2023-03-22 14:42:11.348 [main] INFO  calculator.Calculator-[POWER-2.0RAISEDTO]5.0
2023-03-22 14:42:11.349 [main] INFO  calculator.Calculator-[RESULT-POWER]-32.0
2023-03-22 14:42:11.349 [main] INFO  calculator.Calculator-[POWER-9.0RAISEDTO]2.0
2023-03-22 14:42:11.350 [main] INFO  calculator.Calculator-[RESULT-POWER]-81.0
2023-03-22 14:42:11.351 [main] INFO  calculator.Calculator-[POWER-2.0RAISEDTO]2.0
2023-03-22 14:42:11.352 [main] INFO  calculator.Calculator-[RESULT-POWER]-4.0
2023-03-22 14:42:11.353 [main] INFO  calculator.Calculator-[POWER--2.0RAISEDTO]20.0
2023-03-22 14:42:11.353 [main] INFO  calculator.Calculator-[RESULT-POWER]-1048576.0
2023-03-22 14:42:11.355 [main] INFO  calculator.Calculator-[SQROOT]-121.0
2023-03-22 14:42:11.355 [main] INFO  calculator.Calculator-[RESULT-SQROOT]-11.0
2023-03-22 14:42:11.356 [main] INFO  calculator.Calculator-[SQROOT]-14641.0
2023-03-22 14:42:11.357 [main] INFO  calculator.Calculator-[RESULT-SQROOT]-121.0
2023-03-22 14:43:21.794 [main] INFO  calculator.Calculator-[FACTORIAL]-4
2023-03-22 14:43:21.795 [main] INFO  calculator.Calculator-[RESULT-FACTORIAL]-24
2023-03-22 14:43:33.611 [main] INFO  calculator.Calculator-[SQROOT]-3.0
2023-03-22 14:43:33.611 [main] INFO  calculator.Calculator-[RESULT-SQROOT]-1.7320508075688772
2023-03-22 14:43:40.125 [main] INFO  calculator.Calculator-[NATURALLOG]-128.0
2023-03-22 14:43:40.126 [main] INFO  calculator.Calculator-[RESULT-NATURALLOG]-4.852030263919617
2023-03-22 14:43:45.612 [main] INFO  calculator.Calculator-[POWER-4.0RAISEDTO]2.0
2023-03-22 14:43:45.613 [main] INFO  calculator.Calculator-[RESULT-POWER]-16.0
2023-03-22 14:43:48.469 [main] INFO  calculator.Calculator-[FACTORIAL]-3
2023-03-22 14:43:48.470 [main] INFO  calculator.Calculator-[RESULT-FACTORIAL]-6
